{
  "stats": {
    "suites": 1,
    "tests": 42,
    "passes": 42,
    "pending": 0,
    "failures": 0,
    "start": "2022-12-22T05:28:07.607Z",
    "end": "2022-12-22T05:50:02.716Z",
    "duration": 1315109,
    "testsRegistered": 42,
    "passPercent": 100,
    "pendingPercent": 0,
    "other": 0,
    "hasOther": false,
    "skipped": 0,
    "hasSkipped": false
  },
  "results": [
    {
      "uuid": "5261fb33-9d33-490d-8ca8-aead5d590c14",
      "title": "",
      "fullFile": "cypress\\e2e\\2-advanced-examples\\Project.cy.js",
      "file": "cypress\\e2e\\2-advanced-examples\\Project.cy.js",
      "beforeHooks": [],
      "afterHooks": [],
      "tests": [],
      "suites": [
        {
          "uuid": "83065a30-c416-4578-94d7-cf5c7e0e7c94",
          "title": "ELN Project Suite",
          "fullFile": "",
          "file": "",
          "beforeHooks": [],
          "afterHooks": [],
          "tests": [
            {
              "title": "TC01_ELN_Addition of Project",
              "fullTitle": "ELN Project Suite TC01_ELN_Addition of Project",
              "timedOut": null,
              "duration": 67356,
              "state": "passed",
              "speed": "slow",
              "pass": true,
              "fail": false,
              "pending": false,
              "context": null,
              "code": "cy.wait(3000);\nconst projectPage = new _projectpage.default();\ncy.CreateProj(this.data.TC01.name, this.data.TC01.priority);\nprojectPage.validateProjectName().eq(0).then(function (element) {\n  const actualText = element.text();\n  var actualText1 = actualText.split('-');\n  cy.log(actualText1[0]);\n  cy.log(actualText1[1].trim());\n  var projID = actualText1[1].trim();\n  expect(actualText.includes(this.data.TC01.name)).to.be.true;\n  cy.log(projID);\n  projectPage.closeBtn().click();\n});",
              "err": {},
              "uuid": "d84f9cf0-be62-4055-82d4-10b03f6b3fda",
              "parentUUID": "83065a30-c416-4578-94d7-cf5c7e0e7c94",
              "isHook": false,
              "skipped": false
            },
            {
              "title": "TC02_ELN_Edit of Project",
              "fullTitle": "ELN Project Suite TC02_ELN_Edit of Project",
              "timedOut": null,
              "duration": 29017,
              "state": "passed",
              "speed": "slow",
              "pass": true,
              "fail": false,
              "pending": false,
              "context": null,
              "code": "const projectPage = new _projectpage.default();\ncy.get('a[href=\"/eln-webapp-test/elndev/dashboard\"]').click();\ncy.Updateproj(this.data.TC01.name);\ncy.Filtering(this.data.TC01.name, this.data.TC02.updatedname, this.data.TC02.col_locator);\ncy.wait(3000);\nprojectPage.selectProject().eq(1).click();\nprojectPage.validateProjectName().eq(0).then(function (element) {\n  const actualText = element.text();\n  expect(actualText.includes('update')).to.be.true;\n});",
              "err": {},
              "uuid": "d875a883-6915-40df-9237-d281cd32a556",
              "parentUUID": "83065a30-c416-4578-94d7-cf5c7e0e7c94",
              "isHook": false,
              "skipped": false
            },
            {
              "title": "TC03_ELN_Delete of Project",
              "fullTitle": "ELN Project Suite TC03_ELN_Delete of Project",
              "timedOut": null,
              "duration": 31812,
              "state": "passed",
              "speed": "slow",
              "pass": true,
              "fail": false,
              "pending": false,
              "context": null,
              "code": "const projectPage = new _projectpage.default();\ncy.Filtering(this.data.TC01.name, this.data.TC02.updatedname, this.data.TC02.col_locator);\ncy.DeleteProj(this.data.TC01.name);",
              "err": {},
              "uuid": "49519afe-a87e-4561-bc11-d10199df8d49",
              "parentUUID": "83065a30-c416-4578-94d7-cf5c7e0e7c94",
              "isHook": false,
              "skipped": false
            },
            {
              "title": "TC04_ELN_Validating Project Name Filed length",
              "fullTitle": "ELN Project Suite TC04_ELN_Validating Project Name Filed length",
              "timedOut": null,
              "duration": 3586,
              "state": "passed",
              "speed": "fast",
              "pass": true,
              "fail": false,
              "pending": false,
              "context": null,
              "code": "const projectPage = new _projectpage.default();\nprojectPage.clickProject().click();\nprojectPage.addProject().click();\nvar repeat = function (str, count) {\n  var array = [];\n  for (var i = 0; i <= count;) array[i++] = str;\n  return array.join('');\n};\nvar repeatedCharacter = repeat(\"a\", 130);\nlet result = repeatedCharacter.slice(0, 128);\nprojectPage.enterProjectName().type(repeatedCharacter);\nprojectPage.enterProjectName().should('have.value', result);\nprojectPage.clickProject().click();\nprojectPage.dialogbtn().click();",
              "err": {},
              "uuid": "1e561019-4619-4c8c-bee8-4bf24059931b",
              "parentUUID": "83065a30-c416-4578-94d7-cf5c7e0e7c94",
              "isHook": false,
              "skipped": false
            },
            {
              "title": "TC05_ELN_Validating Project Description Filed length",
              "fullTitle": "ELN Project Suite TC05_ELN_Validating Project Description Filed length",
              "timedOut": null,
              "duration": 73752,
              "state": "passed",
              "speed": "slow",
              "pass": true,
              "fail": false,
              "pending": false,
              "context": null,
              "code": "const projectPage = new _projectpage.default();\nprojectPage.clickProject().click();\nprojectPage.addProject().click();\nvar repeat = function (str, count) {\n  var array = [];\n  for (var i = 0; i <= count;) array[i++] = str;\n  return array.join('');\n};\nvar repeatedCharacter = repeat(\"a\", 4500);\nlet result = repeatedCharacter.slice(0, 4000);\nprojectPage.enterDescription().type(repeatedCharacter);\nprojectPage.enterDescription().should('have.value', result);\nprojectPage.clickProject().click();\nprojectPage.dialogbtn().click();",
              "err": {},
              "uuid": "4887cb1e-1700-475f-a516-c0e07bca3422",
              "parentUUID": "83065a30-c416-4578-94d7-cf5c7e0e7c94",
              "isHook": false,
              "skipped": false
            },
            {
              "title": "TC06_ELN_Validating addition of 10 Tags",
              "fullTitle": "ELN Project Suite TC06_ELN_Validating addition of 10 Tags",
              "timedOut": null,
              "duration": 5475,
              "state": "passed",
              "speed": "medium",
              "pass": true,
              "fail": false,
              "pending": false,
              "context": null,
              "code": "const projectPage = new _projectpage.default();\nprojectPage.clickProject().click();\nprojectPage.addProject().click();\ncy.AddTag(10);\nprojectPage.enterTagName().type(this.data.TC06.tagname);\nprojectPage.tagerror().should('have.text', 'Maximum 10 tags allowed');\nprojectPage.clickProject().click();\nprojectPage.dialogbtn().click();",
              "err": {},
              "uuid": "12b19067-602f-4d81-8ffe-fea6ba34bcae",
              "parentUUID": "83065a30-c416-4578-94d7-cf5c7e0e7c94",
              "isHook": false,
              "skipped": false
            },
            {
              "title": "TC07_ELN_Validating addition of duplicate Tags",
              "fullTitle": "ELN Project Suite TC07_ELN_Validating addition of duplicate Tags",
              "timedOut": null,
              "duration": 1940,
              "state": "passed",
              "speed": "fast",
              "pass": true,
              "fail": false,
              "pending": false,
              "context": null,
              "code": "const projectPage = new _projectpage.default();\nprojectPage.clickProject().click();\nprojectPage.addProject().click();\ncy.AddTag(1);\nprojectPage.enterTagName().type(this.data.TC07.tagname);\nprojectPage.addTagBtn().click();\nprojectPage.tagerror().should('have.text', 'Tag already added');\nprojectPage.clickProject().click();\nprojectPage.dialogbtn().click();",
              "err": {},
              "uuid": "42a88ade-4765-452e-a087-246f9bdbdfce",
              "parentUUID": "83065a30-c416-4578-94d7-cf5c7e0e7c94",
              "isHook": false,
              "skipped": false
            },
            {
              "title": "TC08_ELN_Validating Start Date",
              "fullTitle": "ELN Project Suite TC08_ELN_Validating Start Date",
              "timedOut": null,
              "duration": 6557,
              "state": "passed",
              "speed": "medium",
              "pass": true,
              "fail": false,
              "pending": false,
              "context": null,
              "code": "const projectPage = new _projectpage.default();\nconst dayjs = __webpack_require__(/*! dayjs */ \"./node_modules/dayjs/dayjs.min.js\");\nprojectPage.clickProject().click();\nprojectPage.addProject().click();\nprojectPage.enterProjectName().type(this.data.TC01.name);\nprojectPage.enterStartDate().clear();\ncy.get(':nth-child(2) > .select').select(this.data.all.Project_Owner);\ncy.get('.error > span').should('have.text', 'Start Date is required');\nprojectPage.enterStartDate().clear();\nprojectPage.enterStartDate().type(dayjs().add(2, 'day').format('DD-MM-YYYY'));\ncy.wait(2000);\nprojectPage.enterDueDate().clear();\nprojectPage.enterDueDate().type(dayjs().add(1, 'day').format('DD-MM-YYYY'));\ncy.get(':nth-child(2) > .select').select(this.data.all.Project_Owner);\ncy.get('.errorwrap > :nth-child(2)').should('have.text', 'Start date must be less than Due date ');\nprojectPage.enterStartDate().clear();\nprojectPage.enterStartDate().type(dayjs().format('01012030'));\ncy.get(':nth-child(2) > .select').select(this.data.all.Project_Owner);\ncy.get('.errorwrap > :nth-child(2)').should('have.text', 'Not a valid date format');\nprojectPage.clickProject().click();\nprojectPage.dialogbtn().click();",
              "err": {},
              "uuid": "ac628dc9-7d1b-4aaf-8feb-b76328a87eee",
              "parentUUID": "83065a30-c416-4578-94d7-cf5c7e0e7c94",
              "isHook": false,
              "skipped": false
            },
            {
              "title": "TC09_ELN_Validating Due Date",
              "fullTitle": "ELN Project Suite TC09_ELN_Validating Due Date",
              "timedOut": null,
              "duration": 5556,
              "state": "passed",
              "speed": "medium",
              "pass": true,
              "fail": false,
              "pending": false,
              "context": null,
              "code": "const projectPage = new _projectpage.default();\nprojectPage.clickProject().click();\nprojectPage.addProject().click();\nprojectPage.enterProjectName().type(this.data.TC01.name);\nprojectPage.enterDueDate().clear();\ncy.get(':nth-child(2) > .select').select(this.data.all.Project_Owner);\ncy.get('.error > span').should('have.text', 'Due Date is required');\nprojectPage.enterStartDate().clear();\nprojectPage.enterStartDate().type(this.data.TC09.dd);\ncy.wait(2000);\n// projectPage.enterDueDate().clear()\n// projectPage.enterDueDate().type(this.data.TC09.dd)\n// cy.get(':nth-child(2) > .select').select('Owner Name')\n// cy.get('.error > span').should(\"have.text\", \"Due date must be greater than or equal to start date and today's date. \")\nprojectPage.enterDueDate().clear();\nprojectPage.enterDueDate().type('01012030');\ncy.get(':nth-child(2) > .select').select(this.data.all.Project_Owner);\ncy.get('.errorwrap > :nth-child(2)').should('have.text', 'Not a valid date format');\nprojectPage.clickProject().click();\nprojectPage.dialogbtn().click();",
              "err": {},
              "uuid": "cd071930-d223-4b6a-84ad-6be92486bb1f",
              "parentUUID": "83065a30-c416-4578-94d7-cf5c7e0e7c94",
              "isHook": false,
              "skipped": false
            },
            {
              "title": "TC10_ELN_Validating Project Name Blank Error",
              "fullTitle": "ELN Project Suite TC10_ELN_Validating Project Name Blank Error",
              "timedOut": null,
              "duration": 1479,
              "state": "passed",
              "speed": "fast",
              "pass": true,
              "fail": false,
              "pending": false,
              "context": null,
              "code": "const projectPage = new _projectpage.default();\nprojectPage.clickProject().click();\nprojectPage.addProject().click();\nprojectPage.enterProjectName().click();\ncy.get(':nth-child(2) > .select').select(this.data.all.Project_Owner);\ncy.get('.error > span').should('have.text', 'Project Name is required');\nprojectPage.clickProject().click();\nprojectPage.dialogbtn().click();",
              "err": {},
              "uuid": "95a9e33a-d2d3-4773-9972-4b229a7f6214",
              "parentUUID": "83065a30-c416-4578-94d7-cf5c7e0e7c94",
              "isHook": false,
              "skipped": false
            },
            {
              "title": "TC11_ELN_Validating Project Description Blank Error",
              "fullTitle": "ELN Project Suite TC11_ELN_Validating Project Description Blank Error",
              "timedOut": null,
              "duration": 1441,
              "state": "passed",
              "speed": "fast",
              "pass": true,
              "fail": false,
              "pending": false,
              "context": null,
              "code": "const projectPage = new _projectpage.default();\nprojectPage.clickProject().click();\nprojectPage.addProject().click();\nprojectPage.enterDescription().click();\ncy.get(':nth-child(2) > .select').select(this.data.all.Project_Owner);\ncy.get('.error > span').should('have.text', 'Project Objective is required');\nprojectPage.clickProject().click();\nprojectPage.dialogbtn().click();",
              "err": {},
              "uuid": "594cf280-6af3-49d9-92e6-12799c672aac",
              "parentUUID": "83065a30-c416-4578-94d7-cf5c7e0e7c94",
              "isHook": false,
              "skipped": false
            },
            {
              "title": "TC12_ELN_Addition of Low Priority Project",
              "fullTitle": "ELN Project Suite TC12_ELN_Addition of Low Priority Project",
              "timedOut": null,
              "duration": 53667,
              "state": "passed",
              "speed": "slow",
              "pass": true,
              "fail": false,
              "pending": false,
              "context": null,
              "code": "cy.CreateProj(this.data.TC12.name, this.data.TC12.priority);\ncy.Filtering(this.data.TC12.name, this.data.TC12.priority, this.data.all.loc_priority);\ncy.DeleteProj(this.data.TC12.name);",
              "err": {},
              "uuid": "59f19e3f-24c2-4e10-9a8f-78fb6d6d2896",
              "parentUUID": "83065a30-c416-4578-94d7-cf5c7e0e7c94",
              "isHook": false,
              "skipped": false
            },
            {
              "title": "TC13_ELN_Addition of Medium Priority Project",
              "fullTitle": "ELN Project Suite TC13_ELN_Addition of Medium Priority Project",
              "timedOut": null,
              "duration": 53746,
              "state": "passed",
              "speed": "slow",
              "pass": true,
              "fail": false,
              "pending": false,
              "context": null,
              "code": "cy.CreateProj(this.data.TC13.name, this.data.TC13.priority);\ncy.Filtering(this.data.TC13.name, this.data.TC13.priority, this.data.all.loc_priority);\ncy.DeleteProj(this.data.TC13.name);",
              "err": {},
              "uuid": "4341643e-50b2-4857-ae4d-c37ee7a19e11",
              "parentUUID": "83065a30-c416-4578-94d7-cf5c7e0e7c94",
              "isHook": false,
              "skipped": false
            },
            {
              "title": "TC14_ELN_Addition of High Priority Project",
              "fullTitle": "ELN Project Suite TC14_ELN_Addition of High Priority Project",
              "timedOut": null,
              "duration": 54481,
              "state": "passed",
              "speed": "slow",
              "pass": true,
              "fail": false,
              "pending": false,
              "context": null,
              "code": "cy.CreateProj(this.data.TC14.name, this.data.TC14.priority);\ncy.Filtering(this.data.TC14.name, this.data.TC14.priority, this.data.all.loc_priority);\ncy.DeleteProj(this.data.TC14.name);",
              "err": {},
              "uuid": "1e5efb1b-1bd1-46d2-af0d-e3e68976ef95",
              "parentUUID": "83065a30-c416-4578-94d7-cf5c7e0e7c94",
              "isHook": false,
              "skipped": false
            },
            {
              "title": "TC15_ELN_Addition of Urgent Priority Project",
              "fullTitle": "ELN Project Suite TC15_ELN_Addition of Urgent Priority Project",
              "timedOut": null,
              "duration": 54159,
              "state": "passed",
              "speed": "slow",
              "pass": true,
              "fail": false,
              "pending": false,
              "context": null,
              "code": "cy.CreateProj(this.data.TC15.name, this.data.TC15.priority);\ncy.Filtering(this.data.TC15.name, this.data.TC15.priority, this.data.all.loc_priority);\ncy.DeleteProj(this.data.TC15.name);",
              "err": {},
              "uuid": "cc1d5d67-f019-4f17-ad58-6d2d6aa8605f",
              "parentUUID": "83065a30-c416-4578-94d7-cf5c7e0e7c94",
              "isHook": false,
              "skipped": false
            },
            {
              "title": "TC16_ELN_Addition of Duplicate Project",
              "fullTitle": "ELN Project Suite TC16_ELN_Addition of Duplicate Project",
              "timedOut": null,
              "duration": 64864,
              "state": "passed",
              "speed": "slow",
              "pass": true,
              "fail": false,
              "pending": false,
              "context": null,
              "code": "cy.CreateProj(this.data.TC16.name, this.data.TC16.priority);\ncy.duplicateProj(this.data.TC16.samename, this.data.TC16.priority);\ncy.Filtering(this.data.TC16.name, this.data.TC16.name, this.data.all.loc_Projname);\ncy.DeleteProj(this.data.TC16.name);",
              "err": {},
              "uuid": "fe23a46b-429c-4b83-ab65-680c09350748",
              "parentUUID": "83065a30-c416-4578-94d7-cf5c7e0e7c94",
              "isHook": false,
              "skipped": false
            },
            {
              "title": "TC17_ELN_Status validation",
              "fullTitle": "ELN Project Suite TC17_ELN_Status validation",
              "timedOut": null,
              "duration": 104259,
              "state": "passed",
              "speed": "slow",
              "pass": true,
              "fail": false,
              "pending": false,
              "context": null,
              "code": "const projectPage = new _projectpage.default();\ncy.CreateProj(this.data.TC17.name, this.data.TC17.priority);\nprojectPage.validateProjectName().eq(0).then(function (element) {\n  const actualText = element.text();\n  let actualText1 = actualText.split('-');\n  cy.log(actualText1[0]);\n  cy.log(actualText1[1].trim());\n  expect(actualText.includes('Status')).to.be.true;\n  projectPage.closeBtn().click();\n  cy.Filtering(actualText1[0].trim(), this.data.TC17.state1, this.data.all.loc_state);\n  cy.Statuchange(actualText1[0].trim(), this.data.TC17.state1, this.data.TC17.check_loc, this.data.TC17.state2);\n  cy.Filtering(actualText1[0].trim(), this.data.TC17.state2, this.data.all.loc_state);\n  cy.Statuchange(actualText1[0].trim(), this.data.TC17.state2, this.data.TC17.check_loc, this.data.TC17.state3);\n  cy.Filtering(actualText1[0].trim(), this.data.TC17.state3, this.data.all.loc_state);\n  cy.Statuchange(actualText1[0].trim(), this.data.TC17.state3, this.data.TC17.check_loc, this.data.TC17.state4);\n  cy.Filtering(actualText1[0].trim(), this.data.TC17.state4, this.data.all.loc_state);\n  cy.DeleteProj(actualText1[0].trim());\n});",
              "err": {},
              "uuid": "0398bc7c-bb8c-43be-83c4-71ea3a0ddcb9",
              "parentUUID": "83065a30-c416-4578-94d7-cf5c7e0e7c94",
              "isHook": false,
              "skipped": false
            },
            {
              "title": "TC18_ELN_Project Name Filter Check with startwith condition",
              "fullTitle": "ELN Project Suite TC18_ELN_Project Name Filter Check with startwith condition",
              "timedOut": null,
              "duration": 24399,
              "state": "passed",
              "speed": "slow",
              "pass": true,
              "fail": false,
              "pending": false,
              "context": null,
              "code": "cy.FilterCheck(this.data.filtercolumn.project, this.data.filtervalues.tc18, this.data.filtercondition.startwith, this.data.all.loc_Projname);\ncy.clearfilter(this.data.filtercolumn.project);",
              "err": {},
              "uuid": "005ca325-1a36-4ba8-9488-f00d7cf1788a",
              "parentUUID": "83065a30-c416-4578-94d7-cf5c7e0e7c94",
              "isHook": false,
              "skipped": false
            },
            {
              "title": "TC19_ELN_Project Name Filter Check with endwith condition",
              "fullTitle": "ELN Project Suite TC19_ELN_Project Name Filter Check with endwith condition",
              "timedOut": null,
              "duration": 25187,
              "state": "passed",
              "speed": "slow",
              "pass": true,
              "fail": false,
              "pending": false,
              "context": null,
              "code": "cy.FilterCheck(this.data.filtercolumn.project, this.data.filtervalues.tc19, this.data.filtercondition.endwith, this.data.all.loc_Projname);\ncy.clearfilter(this.data.filtercolumn.project);",
              "err": {},
              "uuid": "7f1a1833-8d57-4a7b-8fcf-6c16ae8db132",
              "parentUUID": "83065a30-c416-4578-94d7-cf5c7e0e7c94",
              "isHook": false,
              "skipped": false
            },
            {
              "title": "TC20_ELN_Project Name Filter Check with contains condition",
              "fullTitle": "ELN Project Suite TC20_ELN_Project Name Filter Check with contains condition",
              "timedOut": null,
              "duration": 24868,
              "state": "passed",
              "speed": "slow",
              "pass": true,
              "fail": false,
              "pending": false,
              "context": null,
              "code": "cy.FilterCheck(this.data.filtercolumn.project, this.data.filtervalues.tc20, this.data.filtercondition.contains, this.data.all.loc_Projname);\ncy.clearfilter(this.data.filtercolumn.project);",
              "err": {},
              "uuid": "a6eac9ad-c917-4299-ab77-53a3e109b449",
              "parentUUID": "83065a30-c416-4578-94d7-cf5c7e0e7c94",
              "isHook": false,
              "skipped": false
            },
            {
              "title": "TC21_ELN_Project Name Filter Check with equal condition",
              "fullTitle": "ELN Project Suite TC21_ELN_Project Name Filter Check with equal condition",
              "timedOut": null,
              "duration": 24134,
              "state": "passed",
              "speed": "slow",
              "pass": true,
              "fail": false,
              "pending": false,
              "context": null,
              "code": "cy.FilterCheck(this.data.filtercolumn.project, this.data.filtervalues.tc21, this.data.filtercondition.equal, this.data.all.loc_Projname);\ncy.clearfilter(this.data.filtercolumn.project);",
              "err": {},
              "uuid": "a57505d4-6391-4f9d-9ef9-8fb3d29917e2",
              "parentUUID": "83065a30-c416-4578-94d7-cf5c7e0e7c94",
              "isHook": false,
              "skipped": false
            },
            {
              "title": "TC22_ELN_Priority Filter Check with High condition",
              "fullTitle": "ELN Project Suite TC22_ELN_Priority Filter Check with High condition",
              "timedOut": null,
              "duration": 27771,
              "state": "passed",
              "speed": "slow",
              "pass": true,
              "fail": false,
              "pending": false,
              "context": null,
              "code": "cy.statecheck(this.data.filtercolumn.priority, this.data.Priority.High, this.data.all.loc_priority);\ncy.clearfilter(this.data.filtercolumn.priority);",
              "err": {},
              "uuid": "ea7899cc-7bcf-4dac-bfbc-fc34d5824255",
              "parentUUID": "83065a30-c416-4578-94d7-cf5c7e0e7c94",
              "isHook": false,
              "skipped": false
            },
            {
              "title": "TC23_ELN_Priority Filter Check with Low condition",
              "fullTitle": "ELN Project Suite TC23_ELN_Priority Filter Check with Low condition",
              "timedOut": null,
              "duration": 27346,
              "state": "passed",
              "speed": "slow",
              "pass": true,
              "fail": false,
              "pending": false,
              "context": null,
              "code": "cy.statecheck(this.data.filtercolumn.priority, this.data.Priority.Low, this.data.all.loc_priority);\ncy.clearfilter(this.data.filtercolumn.priority);",
              "err": {},
              "uuid": "cbf9ef33-76ad-41eb-a494-7e79d63eb81f",
              "parentUUID": "83065a30-c416-4578-94d7-cf5c7e0e7c94",
              "isHook": false,
              "skipped": false
            },
            {
              "title": "TC24_ELN_Priority Filter Check with Urgent condition",
              "fullTitle": "ELN Project Suite TC24_ELN_Priority Filter Check with Urgent condition",
              "timedOut": null,
              "duration": 27821,
              "state": "passed",
              "speed": "slow",
              "pass": true,
              "fail": false,
              "pending": false,
              "context": null,
              "code": "cy.statecheck(this.data.filtercolumn.priority, this.data.Priority.Urgent, this.data.all.loc_priority);\ncy.clearfilter(this.data.filtercolumn.priority);",
              "err": {},
              "uuid": "04620e05-8796-446c-9a4b-759056737cd5",
              "parentUUID": "83065a30-c416-4578-94d7-cf5c7e0e7c94",
              "isHook": false,
              "skipped": false
            },
            {
              "title": "TC25_ELN_State Filter Check with InProgress condition",
              "fullTitle": "ELN Project Suite TC25_ELN_State Filter Check with InProgress condition",
              "timedOut": null,
              "duration": 25201,
              "state": "passed",
              "speed": "slow",
              "pass": true,
              "fail": false,
              "pending": false,
              "context": null,
              "code": "cy.statecheck(this.data.filtercolumn.State, this.data.State.InProgress, this.data.all.loc_state);\ncy.clearfilter(this.data.filtercolumn.State);",
              "err": {},
              "uuid": "bb917f58-9295-40d9-a31c-c6346670bc27",
              "parentUUID": "83065a30-c416-4578-94d7-cf5c7e0e7c94",
              "isHook": false,
              "skipped": false
            },
            {
              "title": "TC26_ELN_State Filter Check with Blocked condition",
              "fullTitle": "ELN Project Suite TC26_ELN_State Filter Check with Blocked condition",
              "timedOut": null,
              "duration": 24758,
              "state": "passed",
              "speed": "slow",
              "pass": true,
              "fail": false,
              "pending": false,
              "context": null,
              "code": "cy.statecheck(this.data.filtercolumn.State, this.data.State.Blocked, this.data.all.loc_state);\ncy.clearfilter(this.data.filtercolumn.State);",
              "err": {},
              "uuid": "ae909e94-83b6-4484-9291-930cc5901d42",
              "parentUUID": "83065a30-c416-4578-94d7-cf5c7e0e7c94",
              "isHook": false,
              "skipped": false
            },
            {
              "title": "TC27_ELN_State Filter Check with Completed condition",
              "fullTitle": "ELN Project Suite TC27_ELN_State Filter Check with Completed condition",
              "timedOut": null,
              "duration": 24865,
              "state": "passed",
              "speed": "slow",
              "pass": true,
              "fail": false,
              "pending": false,
              "context": null,
              "code": "cy.statecheck(this.data.filtercolumn.State, this.data.State.Completed, this.data.all.loc_state);\ncy.clearfilter(this.data.filtercolumn.State);",
              "err": {},
              "uuid": "caf1feeb-fd84-459b-9f50-2b1e19e55d95",
              "parentUUID": "83065a30-c416-4578-94d7-cf5c7e0e7c94",
              "isHook": false,
              "skipped": false
            },
            {
              "title": "TC28_ELN_State Filter Check with Archived condition",
              "fullTitle": "ELN Project Suite TC28_ELN_State Filter Check with Archived condition",
              "timedOut": null,
              "duration": 24747,
              "state": "passed",
              "speed": "slow",
              "pass": true,
              "fail": false,
              "pending": false,
              "context": null,
              "code": "cy.statecheck(this.data.filtercolumn.State, this.data.State.Archived, this.data.all.loc_state);\ncy.clearfilter(this.data.filtercolumn.State);",
              "err": {},
              "uuid": "3212ac14-eaaf-4853-9d49-885412ad58dc",
              "parentUUID": "83065a30-c416-4578-94d7-cf5c7e0e7c94",
              "isHook": false,
              "skipped": false
            },
            {
              "title": "TC29_ELN_Start Date Filter Check with Equal condition",
              "fullTitle": "ELN Project Suite TC29_ELN_Start Date Filter Check with Equal condition",
              "timedOut": null,
              "duration": 23317,
              "state": "passed",
              "speed": "slow",
              "pass": true,
              "fail": false,
              "pending": false,
              "context": null,
              "code": "cy.FilterCheck(this.data.filtercolumn.StartDate, this.data.filtervalues.tc29, this.data.StartDatefiltercondition.equal, this.data.all.loc_sdate);\ncy.clearfilter(this.data.filtercolumn.StartDate);",
              "err": {},
              "uuid": "1060a0e9-f117-4c5f-a294-38bc699de89a",
              "parentUUID": "83065a30-c416-4578-94d7-cf5c7e0e7c94",
              "isHook": false,
              "skipped": false
            },
            {
              "title": "TC30_ELN_Start Date Filter Check with GreaterThan condition",
              "fullTitle": "ELN Project Suite TC30_ELN_Start Date Filter Check with GreaterThan condition",
              "timedOut": null,
              "duration": 27294,
              "state": "passed",
              "speed": "slow",
              "pass": true,
              "fail": false,
              "pending": false,
              "context": null,
              "code": "cy.FilterCheck(this.data.filtercolumn.StartDate, this.data.filtervalues.tc30, this.data.StartDatefiltercondition.GreaterThan, this.data.all.loc_sdate);\ncy.clearfilter(this.data.filtercolumn.StartDate);",
              "err": {},
              "uuid": "49ac069d-49ab-4fcb-bb25-9bba73413203",
              "parentUUID": "83065a30-c416-4578-94d7-cf5c7e0e7c94",
              "isHook": false,
              "skipped": false
            },
            {
              "title": "TC31_ELN_Start Date Filter Check with GreaterThanEqual condition",
              "fullTitle": "ELN Project Suite TC31_ELN_Start Date Filter Check with GreaterThanEqual condition",
              "timedOut": null,
              "duration": 26007,
              "state": "passed",
              "speed": "slow",
              "pass": true,
              "fail": false,
              "pending": false,
              "context": null,
              "code": "cy.FilterCheck(this.data.filtercolumn.StartDate, this.data.filtervalues.tc31, this.data.StartDatefiltercondition.GreaterThanEqual, this.data.all.loc_sdate);\ncy.clearfilter(this.data.filtercolumn.StartDate);",
              "err": {},
              "uuid": "23538b7c-a30f-405c-93fb-2e62a29c886f",
              "parentUUID": "83065a30-c416-4578-94d7-cf5c7e0e7c94",
              "isHook": false,
              "skipped": false
            },
            {
              "title": "TC32_ELN_Start Date Filter Check with LessThan condition",
              "fullTitle": "ELN Project Suite TC32_ELN_Start Date Filter Check with LessThan condition",
              "timedOut": null,
              "duration": 23891,
              "state": "passed",
              "speed": "slow",
              "pass": true,
              "fail": false,
              "pending": false,
              "context": null,
              "code": "cy.FilterCheck(this.data.filtercolumn.StartDate, this.data.filtervalues.tc32, this.data.StartDatefiltercondition.LessThan, this.data.all.loc_sdate);\ncy.clearfilter(this.data.filtercolumn.StartDate);",
              "err": {},
              "uuid": "fd279d1f-6631-414d-be70-f6e1dda387dd",
              "parentUUID": "83065a30-c416-4578-94d7-cf5c7e0e7c94",
              "isHook": false,
              "skipped": false
            },
            {
              "title": "TC33_ELN_Start Date Filter Check with LessThanEqual condition",
              "fullTitle": "ELN Project Suite TC33_ELN_Start Date Filter Check with LessThanEqual condition",
              "timedOut": null,
              "duration": 24681,
              "state": "passed",
              "speed": "slow",
              "pass": true,
              "fail": false,
              "pending": false,
              "context": null,
              "code": "cy.FilterCheck(this.data.filtercolumn.StartDate, this.data.filtervalues.tc33, this.data.StartDatefiltercondition.LessThanEqual, this.data.all.loc_sdate);\ncy.clearfilter(this.data.filtercolumn.StartDate);",
              "err": {},
              "uuid": "d1b3d1ea-32a5-40fe-805d-21bb8d60aa2a",
              "parentUUID": "83065a30-c416-4578-94d7-cf5c7e0e7c94",
              "isHook": false,
              "skipped": false
            },
            {
              "title": "TC34_ELN_Project ID Filter Check with endwith condition",
              "fullTitle": "ELN Project Suite TC34_ELN_Project ID Filter Check with endwith condition",
              "timedOut": null,
              "duration": 24937,
              "state": "passed",
              "speed": "slow",
              "pass": true,
              "fail": false,
              "pending": false,
              "context": null,
              "code": "cy.FilterCheck(this.data.filtercolumn.projectid, this.data.filtervalues.tc34, this.data.filtercondition.endwith, this.data.all.loc_id);\ncy.clearfilter(this.data.filtercolumn.projectid);",
              "err": {},
              "uuid": "ccdf3e57-d0f9-49d4-8be4-79343b224656",
              "parentUUID": "83065a30-c416-4578-94d7-cf5c7e0e7c94",
              "isHook": false,
              "skipped": false
            },
            {
              "title": "TC35_ELN_Project ID Filter Check with contains condition",
              "fullTitle": "ELN Project Suite TC35_ELN_Project ID Filter Check with contains condition",
              "timedOut": null,
              "duration": 24901,
              "state": "passed",
              "speed": "slow",
              "pass": true,
              "fail": false,
              "pending": false,
              "context": null,
              "code": "cy.FilterCheck(this.data.filtercolumn.projectid, this.data.filtervalues.tc35, this.data.filtercondition.contains, this.data.all.loc_id);\ncy.clearfilter(this.data.filtercolumn.projectid);",
              "err": {},
              "uuid": "4292ecad-c277-48c2-b986-9693167e8d81",
              "parentUUID": "83065a30-c416-4578-94d7-cf5c7e0e7c94",
              "isHook": false,
              "skipped": false
            },
            {
              "title": "TC36_ELN_Days Left Filter Check with GreaterThan condition",
              "fullTitle": "ELN Project Suite TC36_ELN_Days Left Filter Check with GreaterThan condition",
              "timedOut": null,
              "duration": 26879,
              "state": "passed",
              "speed": "slow",
              "pass": true,
              "fail": false,
              "pending": false,
              "context": null,
              "code": "cy.FilterCheck(this.data.filtercolumn.daysleft, this.data.filtervalues.tc36, this.data.StartDatefiltercondition.GreaterThan, this.data.all.loc_daysleft);\ncy.clearfilter(this.data.filtercolumn.daysleft);",
              "err": {},
              "uuid": "12cec4af-8d0f-48a1-ae95-0987b615ab30",
              "parentUUID": "83065a30-c416-4578-94d7-cf5c7e0e7c94",
              "isHook": false,
              "skipped": false
            },
            {
              "title": "TC37_ELN_Days Left Filter Check with GreaterThanEqual condition",
              "fullTitle": "ELN Project Suite TC37_ELN_Days Left Filter Check with GreaterThanEqual condition",
              "timedOut": null,
              "duration": 26477,
              "state": "passed",
              "speed": "slow",
              "pass": true,
              "fail": false,
              "pending": false,
              "context": null,
              "code": "cy.FilterCheck(this.data.filtercolumn.daysleft, this.data.filtervalues.tc37, this.data.StartDatefiltercondition.GreaterThanEqual, this.data.all.loc_daysleft);\ncy.clearfilter(this.data.filtercolumn.daysleft);",
              "err": {},
              "uuid": "b9ff1bd9-0a36-45bf-9964-879cbe690e67",
              "parentUUID": "83065a30-c416-4578-94d7-cf5c7e0e7c94",
              "isHook": false,
              "skipped": false
            },
            {
              "title": "TC38_ELN_Days Left Filter Check with equal condition",
              "fullTitle": "ELN Project Suite TC38_ELN_Days Left Filter Check with equal condition",
              "timedOut": null,
              "duration": 26048,
              "state": "passed",
              "speed": "slow",
              "pass": true,
              "fail": false,
              "pending": false,
              "context": null,
              "code": "cy.FilterCheck1(this.data.filtercolumn.daysleft, this.data.filtervalues.tc38, this.data.StartDatefiltercondition.equal, this.data.all.loc_daysleft);\ncy.clearfilter(this.data.filtercolumn.daysleft);",
              "err": {},
              "uuid": "08e3ba03-9fbf-4007-b58d-d8fbe9d64d60",
              "parentUUID": "83065a30-c416-4578-94d7-cf5c7e0e7c94",
              "isHook": false,
              "skipped": false
            },
            {
              "title": "TC39_paginaation validation",
              "fullTitle": "ELN Project Suite TC39_paginaation validation",
              "timedOut": null,
              "duration": 117041,
              "state": "passed",
              "speed": "slow",
              "pass": true,
              "fail": false,
              "pending": false,
              "context": null,
              "code": "cy.pagination(5, \"project\");\ncy.pagination(10, \"project\");\ncy.pagination(20, \"project\");\ncy.pagination(50, \"project\");\ncy.pagination(100, \"project\");",
              "err": {},
              "uuid": "e014dfa6-110e-43c0-b2bb-4c3c65b28dd6",
              "parentUUID": "83065a30-c416-4578-94d7-cf5c7e0e7c94",
              "isHook": false,
              "skipped": false
            },
            {
              "title": "TC40_Create project close button check",
              "fullTitle": "ELN Project Suite TC40_Create project close button check",
              "timedOut": null,
              "duration": 3637,
              "state": "passed",
              "speed": "fast",
              "pass": true,
              "fail": false,
              "pending": false,
              "context": null,
              "code": "const projectPage = new _projectpage.default();\nprojectPage.clickProject().click();\ncy.get(\"td[class*='e-rowcell']\").eq(0).click();\ncy.xpath(\"//button[contains(text(),'Close')]\").click();",
              "err": {},
              "uuid": "ff6e244d-12bc-4051-ab8d-fd9b1c52f9c2",
              "parentUUID": "83065a30-c416-4578-94d7-cf5c7e0e7c94",
              "isHook": false,
              "skipped": false
            },
            {
              "title": "TC41_Create project reset button check",
              "fullTitle": "ELN Project Suite TC41_Create project reset button check",
              "timedOut": null,
              "duration": 8732,
              "state": "passed",
              "speed": "medium",
              "pass": true,
              "fail": false,
              "pending": false,
              "context": null,
              "code": "const projectPage = new _projectpage.default();\nprojectPage.clickProject().click();\ncy.get(\"td[class*='e-rowcell']\").eq(0).click({\n  force: true\n});\nconst dayjs = __webpack_require__(/*! dayjs */ \"./node_modules/dayjs/dayjs.min.js\");\nprojectPage.addproject1().eq(0).click({\n  force: true\n});\nprojectPage.enterProjectName().type(this.data.TC01.name);\ncy.get(':nth-child(2) > .select').select(this.data.all.Project_Owner);\ncy.get(':nth-child(3) > .select').select(this.data.all.Project_Manager);\ncy.wait(2000);\nprojectPage.enterStartDate().clear();\nprojectPage.enterStartDate().type(dayjs().format('DD/MM/YYYY'));\ncy.wait(2000);\nprojectPage.enterDueDate().clear();\nprojectPage.enterDueDate().type(dayjs().format('DD/MM/YYYY'));\nprojectPage.enterTagName().type(this.data.all.Tagname);\ncy.get(\"#\" + this.data.TC01.priority).click({\n  force: true\n});\nprojectPage.addTag().click();\nprojectPage.enterDescription().type(this.data.all.Description);\ncy.wait(1000);\nprojectPage.resetbtn().click({\n  force: true\n});\nprojectPage.dialogbtn().click({\n  force: true\n});\nprojectPage.enterProjectName().should('have.text', '');\nprojectPage.enterStartDate().should('have.text', '');\nprojectPage.enterDueDate().should('have.text', '');\nprojectPage.taglist().should('have.text', '');\nprojectPage.enterDescription().should('have.text', '');",
              "err": {},
              "uuid": "6f06da2c-ab41-4645-8d44-05c75a8a3ffa",
              "parentUUID": "83065a30-c416-4578-94d7-cf5c7e0e7c94",
              "isHook": false,
              "skipped": false
            },
            {
              "title": "TC42_Project Naviagtion Check",
              "fullTitle": "ELN Project Suite TC42_Project Naviagtion Check",
              "timedOut": null,
              "duration": 31550,
              "state": "passed",
              "speed": "slow",
              "pass": true,
              "fail": false,
              "pending": false,
              "context": null,
              "code": "const projectPage = new _projectpage.default();\nprojectPage.clickProject().click();\ncy.wait(8000);\ncy.get(\"td[class*='e-rowcell']\").eq(0).click();\ncy.wait(2000);\ncy.get('a[href=\"/eln-webapp-test/elndev/project/list\"]').click();\ncy.wait(3000);\ncy.get(\"td[class*='e-rowcell']\").eq(0).should('not.have.text', '');\ncy.wait(2000);\nprojectPage.addProject().click();\ncy.wait(2000);\ncy.get('a[href=\"/eln-webapp-test/elndev/project/list\"]').click();\ncy.wait(3000);\ncy.get(\"td[class*='e-rowcell']\").eq(0).should('not.have.text', '');",
              "err": {},
              "uuid": "cc7517bd-b2be-472c-873a-22dde1c29461",
              "parentUUID": "83065a30-c416-4578-94d7-cf5c7e0e7c94",
              "isHook": false,
              "skipped": false
            }
          ],
          "suites": [],
          "passes": [
            "d84f9cf0-be62-4055-82d4-10b03f6b3fda",
            "d875a883-6915-40df-9237-d281cd32a556",
            "49519afe-a87e-4561-bc11-d10199df8d49",
            "1e561019-4619-4c8c-bee8-4bf24059931b",
            "4887cb1e-1700-475f-a516-c0e07bca3422",
            "12b19067-602f-4d81-8ffe-fea6ba34bcae",
            "42a88ade-4765-452e-a087-246f9bdbdfce",
            "ac628dc9-7d1b-4aaf-8feb-b76328a87eee",
            "cd071930-d223-4b6a-84ad-6be92486bb1f",
            "95a9e33a-d2d3-4773-9972-4b229a7f6214",
            "594cf280-6af3-49d9-92e6-12799c672aac",
            "59f19e3f-24c2-4e10-9a8f-78fb6d6d2896",
            "4341643e-50b2-4857-ae4d-c37ee7a19e11",
            "1e5efb1b-1bd1-46d2-af0d-e3e68976ef95",
            "cc1d5d67-f019-4f17-ad58-6d2d6aa8605f",
            "fe23a46b-429c-4b83-ab65-680c09350748",
            "0398bc7c-bb8c-43be-83c4-71ea3a0ddcb9",
            "005ca325-1a36-4ba8-9488-f00d7cf1788a",
            "7f1a1833-8d57-4a7b-8fcf-6c16ae8db132",
            "a6eac9ad-c917-4299-ab77-53a3e109b449",
            "a57505d4-6391-4f9d-9ef9-8fb3d29917e2",
            "ea7899cc-7bcf-4dac-bfbc-fc34d5824255",
            "cbf9ef33-76ad-41eb-a494-7e79d63eb81f",
            "04620e05-8796-446c-9a4b-759056737cd5",
            "bb917f58-9295-40d9-a31c-c6346670bc27",
            "ae909e94-83b6-4484-9291-930cc5901d42",
            "caf1feeb-fd84-459b-9f50-2b1e19e55d95",
            "3212ac14-eaaf-4853-9d49-885412ad58dc",
            "1060a0e9-f117-4c5f-a294-38bc699de89a",
            "49ac069d-49ab-4fcb-bb25-9bba73413203",
            "23538b7c-a30f-405c-93fb-2e62a29c886f",
            "fd279d1f-6631-414d-be70-f6e1dda387dd",
            "d1b3d1ea-32a5-40fe-805d-21bb8d60aa2a",
            "ccdf3e57-d0f9-49d4-8be4-79343b224656",
            "4292ecad-c277-48c2-b986-9693167e8d81",
            "12cec4af-8d0f-48a1-ae95-0987b615ab30",
            "b9ff1bd9-0a36-45bf-9964-879cbe690e67",
            "08e3ba03-9fbf-4007-b58d-d8fbe9d64d60",
            "e014dfa6-110e-43c0-b2bb-4c3c65b28dd6",
            "ff6e244d-12bc-4051-ab8d-fd9b1c52f9c2",
            "6f06da2c-ab41-4645-8d44-05c75a8a3ffa",
            "cc7517bd-b2be-472c-873a-22dde1c29461"
          ],
          "failures": [],
          "pending": [],
          "skipped": [],
          "duration": 1309636,
          "root": false,
          "rootEmpty": false,
          "_timeout": 2000
        }
      ],
      "passes": [],
      "failures": [],
      "pending": [],
      "skipped": [],
      "duration": 0,
      "root": true,
      "rootEmpty": true,
      "_timeout": 2000
    }
  ],
  "meta": {
    "mocha": {
      "version": "7.0.1"
    },
    "mochawesome": {
      "options": {
        "quiet": false,
        "reportFilename": "mochawesome",
        "saveHtml": false,
        "saveJson": true,
        "consoleReporter": "spec",
        "useInlineDiffs": false,
        "code": true
      },
      "version": "7.1.3"
    },
    "marge": {
      "options": {
        "charts": true,
        "reportPageTitle": "ELN Automation Suite",
        "embeddedScreenshots": true,
        "inlineAssets": true,
        "saveAllAttempts": false,
        "overwrite": false,
        "html": false,
        "json": true,
        "reportDir": "cypress\\reports\\html\\.jsons"
      },
      "version": "6.2.0"
    }
  }
}