{
  "stats": {
    "suites": 1,
    "tests": 2,
    "passes": 0,
    "pending": 0,
    "failures": 2,
    "start": "2022-12-22T05:50:05.707Z",
    "end": "2022-12-22T05:58:24.327Z",
    "duration": 498620,
    "testsRegistered": 10,
    "passPercent": 0,
    "pendingPercent": 0,
    "other": 0,
    "hasOther": false,
    "skipped": 7,
    "hasSkipped": true
  },
  "results": [
    {
      "uuid": "500a007d-9c48-433d-89b7-5837504653e8",
      "title": "",
      "fullFile": "cypress\\e2e\\2-advanced-examples\\ProjectAssignment.cy.js",
      "file": "cypress\\e2e\\2-advanced-examples\\ProjectAssignment.cy.js",
      "beforeHooks": [],
      "afterHooks": [],
      "tests": [],
      "suites": [
        {
          "uuid": "9e96476e-8190-4137-a0e1-e0ddbf288a71",
          "title": "ELN Project Assignment Suite",
          "fullFile": "",
          "file": "",
          "beforeHooks": [],
          "afterHooks": [],
          "tests": [
            {
              "title": "TC43_ELN_Validate Single User for project Assignment",
              "fullTitle": "ELN Project Assignment Suite TC43_ELN_Validate Single User for project Assignment",
              "timedOut": null,
              "duration": 72636,
              "state": "failed",
              "speed": null,
              "pass": false,
              "fail": true,
              "pending": false,
              "context": "{\n  \"title\": \"cypress-mochawesome-reporter-screenshots\",\n  \"value\": [\n    [\n      {\n        \"title\": \"Failed screenshot\",\n        \"value\": \"\\\\ProjectAssignment.cy.js\\\\ELN Project Assignment Suite -- TC43_ELN_Validate Single User for project Assignment (failed).png\"\n      }\n    ],\n    [\n      {\n        \"title\": \"Failed screenshot\",\n        \"value\": \"\\\\ProjectAssignment.cy.js\\\\ELN Project Assignment Suite -- TC43_ELN_Validate Single User for project Assignment (failed) (attempt 2).png\"\n      }\n    ]\n  ]\n}",
              "code": "const projectPage = new _projectpage.default();\ncy.addProjwithcollaborator(this.data.TC43.name, this.data.TC43.priority, this.data.TC43.collaboratorlist);\nprojectPage.validateProjectName().eq(0).then(function (element) {\n  const actualText = element.text();\n  var actualText1 = actualText.split('-');\n  cy.log(actualText1[0]);\n  cy.log(actualText1[1].trim());\n  var projID = actualText1[1].trim();\n  expect(actualText.includes(this.data.TC43.name)).to.be.true;\n  cy.log(projID);\n  projectPage.closeBtn().click();\n});\ncy.Filtering(this.data.TC43.name, this.data.TC43.name, this.data.all.loc_Projname);\ncy.DeleteProj(this.data.TC43.name);",
              "err": {
                "message": "AssertionError: Timed out retrying after 60000ms: Expected to find element: `.e-toast-content`, but never found it.",
                "estack": "AssertionError: Timed out retrying after 60000ms: Expected to find element: `.e-toast-content`, but never found it.\n    at Context.eval (webpack:///./cypress/support/commands.js:198:35)",
                "diff": null
              },
              "uuid": "e347bad8-8b00-4c18-80fe-e373cf6b56a1",
              "parentUUID": "9e96476e-8190-4137-a0e1-e0ddbf288a71",
              "isHook": false,
              "skipped": false
            },
            {
              "title": "TC44_ELN_Multiple Users Project Assignment",
              "fullTitle": "ELN Project Assignment Suite TC44_ELN_Multiple Users Project Assignment",
              "timedOut": null,
              "duration": 90321,
              "state": "failed",
              "speed": null,
              "pass": false,
              "fail": true,
              "pending": false,
              "context": "{\n  \"title\": \"cypress-mochawesome-reporter-screenshots\",\n  \"value\": [\n    [\n      {\n        \"title\": \"Failed screenshot\",\n        \"value\": \"\\\\ProjectAssignment.cy.js\\\\ELN Project Assignment Suite -- TC44_ELN_Multiple Users Project Assignment (failed).png\"\n      }\n    ],\n    []\n  ]\n}",
              "code": "const projectPage = new _projectpage.default();\ncy.addProjwithcollaborator(this.data.TC44.name, this.data.TC44.priority, this.data.TC44.collaboratorlist, \"user\");\nprojectPage.validateProjectName().eq(0).then(function (element) {\n  const actualText = element.text();\n  var actualText1 = actualText.split('-');\n  cy.log(actualText1[0]);\n  cy.log(actualText1[1].trim());\n  var projID = actualText1[1].trim();\n  expect(actualText.includes(this.data.TC44.name)).to.be.true;\n  cy.log(projID);\n  projectPage.closeBtn().click();\n});\ncy.Filtering(this.data.TC44.name, this.data.TC44.name, this.data.all.loc_Projname);\ncy.DeleteProj(this.data.TC44.name);",
              "err": {
                "message": "CypressError: `cy.screenshot()` timed out waiting `30000ms` to complete.",
                "estack": "CypressError: `cy.screenshot()` timed out waiting `30000ms` to complete.\n    at https://cloud.msa2.apps.yokogawa.build/__cypress/runner/cypress_runner.js:142740:81\n    at tryCatcher (https://cloud.msa2.apps.yokogawa.build/__cypress/runner/cypress_runner.js:11327:23)\n    at https://cloud.msa2.apps.yokogawa.build/__cypress/runner/cypress_runner.js:6449:41\n    at tryCatcher (https://cloud.msa2.apps.yokogawa.build/__cypress/runner/cypress_runner.js:11327:23)\n    at Promise._settlePromiseFromHandler (https://cloud.msa2.apps.yokogawa.build/__cypress/runner/cypress_runner.js:9262:31)\n    at Promise._settlePromise (https://cloud.msa2.apps.yokogawa.build/__cypress/runner/cypress_runner.js:9319:18)\n    at Promise._settlePromise0 (https://cloud.msa2.apps.yokogawa.build/__cypress/runner/cypress_runner.js:9364:10)\n    at Promise._settlePromises (https://cloud.msa2.apps.yokogawa.build/__cypress/runner/cypress_runner.js:9440:18)\n    at _drainQueueStep (https://cloud.msa2.apps.yokogawa.build/__cypress/runner/cypress_runner.js:6034:12)\n    at _drainQueue (https://cloud.msa2.apps.yokogawa.build/__cypress/runner/cypress_runner.js:6027:9)\n    at ../../node_modules/bluebird/js/release/async.js.Async._drainQueues (https://cloud.msa2.apps.yokogawa.build/__cypress/runner/cypress_runner.js:6043:5)\n    at Async.drainQueues (https://cloud.msa2.apps.yokogawa.build/__cypress/runner/cypress_runner.js:5913:14)",
                "diff": null
              },
              "uuid": "00cc0dd7-112b-48fb-a5d4-c1a538ba5380",
              "parentUUID": "9e96476e-8190-4137-a0e1-e0ddbf288a71",
              "isHook": false,
              "skipped": false
            },
            {
              "title": "TC45_ELN_Single User Group selection",
              "fullTitle": "ELN Project Assignment Suite TC45_ELN_Single User Group selection",
              "timedOut": null,
              "duration": 90451,
              "state": "failed",
              "speed": null,
              "pass": false,
              "fail": true,
              "pending": false,
              "context": null,
              "code": "const projectPage = new _projectpage.default();\ncy.addProjwithcollaborator(this.data.TC45.name, this.data.TC45.priority, this.data.TC45.grouplist, \"group\");\nprojectPage.validateProjectName().eq(0).then(function (element) {\n  const actualText = element.text();\n  var actualText1 = actualText.split('-');\n  cy.log(actualText1[0]);\n  cy.log(actualText1[1].trim());\n  var projID = actualText1[1].trim();\n  expect(actualText.includes(this.data.TC45.name)).to.be.true;\n  cy.log(projID);\n  projectPage.closeBtn().click();\n});\ncy.Filtering(this.data.TC45.name, this.data.TC45.name, this.data.all.loc_Projname);\ncy.DeleteProj(this.data.TC45.name);",
              "err": {},
              "uuid": "c32496e1-466f-459e-83e7-a957430fefc9",
              "parentUUID": "9e96476e-8190-4137-a0e1-e0ddbf288a71",
              "isHook": false,
              "skipped": false
            },
            {
              "title": "TC46_ELN_verify maxiumum Number of users assigned to Project",
              "fullTitle": "ELN Project Assignment Suite TC46_ELN_verify maxiumum Number of users assigned to Project",
              "timedOut": null,
              "duration": 0,
              "state": "skipped",
              "speed": null,
              "pass": false,
              "fail": false,
              "pending": false,
              "context": null,
              "code": "const projectPage = new _projectpage.default();\ncy.addProjwithcollaborator(this.data.TC46.name, this.data.TC46.priority, this.data.TC46.collaboratorlist, \"all\");\nprojectPage.validateProjectName().eq(0).then(function (element) {\n  const actualText = element.text();\n  var actualText1 = actualText.split('-');\n  cy.log(actualText1[0]);\n  cy.log(actualText1[1].trim());\n  var projID = actualText1[1].trim();\n  expect(actualText.includes(this.data.TC46.name)).to.be.true;\n  cy.log(projID);\n  projectPage.closeBtn().click();\n});\ncy.Filtering(this.data.TC46.name, this.data.TC46.name, this.data.all.loc_Projname);\ncy.DeleteProj(this.data.TC46.name);",
              "err": {},
              "uuid": "1aa10a25-b81d-41fb-adbc-f2dfded23d23",
              "parentUUID": "9e96476e-8190-4137-a0e1-e0ddbf288a71",
              "isHook": false,
              "skipped": true
            },
            {
              "title": "TC47_ELN_Edit Project - Add users",
              "fullTitle": "ELN Project Assignment Suite TC47_ELN_Edit Project - Add users",
              "timedOut": null,
              "duration": 0,
              "state": "skipped",
              "speed": null,
              "pass": false,
              "fail": false,
              "pending": false,
              "context": null,
              "code": "const projectPage = new _projectpage.default();\ncy.addProjwithcollaborator(this.data.TC47.name, this.data.TC47.priority, this.data.TC47.collaboratorlist, \"user\");\nprojectPage.validateProjectName().eq(0).then(function (element) {\n  const actualText = element.text();\n  var actualText1 = actualText.split('-');\n  cy.log(actualText1[0]);\n  cy.log(actualText1[1].trim());\n  var projID = actualText1[1].trim();\n  expect(actualText.includes(this.data.TC47.name)).to.be.true;\n  cy.log(projID);\n  projectPage.closeBtn().click();\n  cy.Updatecollbarator(this.data.TC47.name, this.data.TC47.editlist, \"user\");\n});\ncy.Filtering(this.data.TC47.name, this.data.TC47.name, this.data.all.loc_Projname);\ncy.DeleteProj(this.data.TC47.name);",
              "err": {},
              "uuid": "4bab3398-cffb-4e08-b6c9-7e8eb9b86646",
              "parentUUID": "9e96476e-8190-4137-a0e1-e0ddbf288a71",
              "isHook": false,
              "skipped": true
            },
            {
              "title": "TC48_ELN_Edit Project - Add group",
              "fullTitle": "ELN Project Assignment Suite TC48_ELN_Edit Project - Add group",
              "timedOut": null,
              "duration": 0,
              "state": "skipped",
              "speed": null,
              "pass": false,
              "fail": false,
              "pending": false,
              "context": null,
              "code": "const projectPage = new _projectpage.default();\ncy.addProjwithcollaborator(this.data.TC48.name, this.data.TC48.priority, this.data.TC48.collaboratorlist, \"user\");\nprojectPage.validateProjectName().eq(0).then(function (element) {\n  const actualText = element.text();\n  var actualText1 = actualText.split('-');\n  cy.log(actualText1[0]);\n  cy.log(actualText1[1].trim());\n  var projID = actualText1[1].trim();\n  expect(actualText.includes(this.data.TC48.name)).to.be.true;\n  cy.log(projID);\n  projectPage.closeBtn().click();\n  cy.Updatecollbarator(this.data.TC48.name, this.data.TC48.editlist, \"group\");\n});\ncy.Filtering(this.data.TC48.name, this.data.TC48.name, this.data.all.loc_Projname);\ncy.DeleteProj(this.data.TC48.name);",
              "err": {},
              "uuid": "91fd0b09-1768-4d74-950b-4b1cc506b7ac",
              "parentUUID": "9e96476e-8190-4137-a0e1-e0ddbf288a71",
              "isHook": false,
              "skipped": true
            },
            {
              "title": "TC49_ELN_Remove Users - Project page",
              "fullTitle": "ELN Project Assignment Suite TC49_ELN_Remove Users - Project page",
              "timedOut": null,
              "duration": 0,
              "state": "skipped",
              "speed": null,
              "pass": false,
              "fail": false,
              "pending": false,
              "context": null,
              "code": "const projectPage = new _projectpage.default();\ncy.addProjwithcollaborator(this.data.TC49.name, this.data.TC49.priority, this.data.TC49.grouplist, \"group\");\nprojectPage.validateProjectName().eq(0).then(function (element) {\n  const actualText = element.text();\n  var actualText1 = actualText.split('-');\n  cy.log(actualText1[0]);\n  cy.log(actualText1[1].trim());\n  var projID = actualText1[1].trim();\n  expect(actualText.includes(this.data.TC49.name)).to.be.true;\n  cy.log(projID);\n  projectPage.closeBtn().click();\n});\ncy.removecollabarator(this.data.TC49.name);\ncy.Filtering(this.data.TC49.name, this.data.TC49.name, this.data.all.loc_Projname);\ncy.DeleteProj(this.data.TC49.name);",
              "err": {},
              "uuid": "0d2fa749-f00c-4401-b0bf-b00ec5a17919",
              "parentUUID": "9e96476e-8190-4137-a0e1-e0ddbf288a71",
              "isHook": false,
              "skipped": true
            },
            {
              "title": "TC50_ELN_Validation_Filter using User Groups - Project Assignment page ",
              "fullTitle": "ELN Project Assignment Suite TC50_ELN_Validation_Filter using User Groups - Project Assignment page ",
              "timedOut": null,
              "duration": 0,
              "state": "skipped",
              "speed": null,
              "pass": false,
              "fail": false,
              "pending": false,
              "context": null,
              "code": "const projectPage = new _projectpage.default();\nprojectPage.clickProject().click();\ncy.wait(2000);\nprojectPage.addProject().click();\ncy.wait(1000);\nprojectPage.enterProjectName().type(this.data.TC50.name);\ncy.get(':nth-child(2) > .select').select(this.data.all.Project_Owner);\ncy.addgroupCollaborator(this.data.TC50.grouplist);\ncy.wait(2000);\nprojectPage.selectgroup().then(function (elem) {\n  expect(elem.length).not.equal(0);\n  cy.wait(3000);\n  projectPage.collaboratorCloseBtn().click({\n    force: true\n  });\n});\nprojectPage.clickProject().click();\ncy.wait(2000);\nprojectPage.deletebtnYes().click();\ncy.wait(2000);",
              "err": {},
              "uuid": "81c15945-84a8-4f9b-947f-e0ea09075a81",
              "parentUUID": "9e96476e-8190-4137-a0e1-e0ddbf288a71",
              "isHook": false,
              "skipped": true
            },
            {
              "title": "TC51_ELN_Error_Filter with invalid collabarator and group",
              "fullTitle": "ELN Project Assignment Suite TC51_ELN_Error_Filter with invalid collabarator and group",
              "timedOut": null,
              "duration": 0,
              "state": "skipped",
              "speed": null,
              "pass": false,
              "fail": false,
              "pending": false,
              "context": null,
              "code": "const projectPage = new _projectpage.default();\nprojectPage.clickProject().click();\ncy.wait(2000);\nprojectPage.addProject().click();\ncy.wait(1000);\nprojectPage.enterProjectName().type(this.data.TC51.name);\ncy.get(':nth-child(2) > .select').select(this.data.all.Project_Owner);\ncy.get(':nth-child(3) > .select').select(this.data.all.Project_Manager);\nprojectPage.addcollborator().click();\ncy.wait(4000);\nprojectPage.searchgroup().click();\nprojectPage.searchgroup().type(this.data.TC51.invalidname);\ncy.wait(5000);\nprojectPage.errorMsg().eq(0).should('have.text', 'No User Group Available');\nprojectPage.searchgroup().clear();\ncy.wait(3000);\nprojectPage.searchbox().click();\nprojectPage.searchbox().type(this.data.TC51.invalidname);\ncy.wait(5000);\nprojectPage.errorMsg().eq(0).should('have.text', 'No Users Available');\nprojectPage.searchbox().clear();\ncy.wait(3000);\nprojectPage.errorMsg().eq(0).should('have.text', 'No Collaborator selectedPlease Select Collaborator');\nprojectPage.collaboratorCloseBtn().click();\ncy.wait(1000);\nprojectPage.clickProject().click();\ncy.wait(1000);\nprojectPage.deletebtnYes().click();\ncy.wait(1000);",
              "err": {},
              "uuid": "5979ec94-3ace-4fc9-89ca-15b5d7db4f7f",
              "parentUUID": "9e96476e-8190-4137-a0e1-e0ddbf288a71",
              "isHook": false,
              "skipped": true
            },
            {
              "title": "TC52_ELN_Validation_Reset Collabarator Assignment",
              "fullTitle": "ELN Project Assignment Suite TC52_ELN_Validation_Reset Collabarator Assignment",
              "timedOut": null,
              "duration": 0,
              "state": "skipped",
              "speed": null,
              "pass": false,
              "fail": false,
              "pending": false,
              "context": null,
              "code": "const projectPage = new _projectpage.default();\nprojectPage.clickProject().click();\ncy.wait(2000);\nprojectPage.addProject().click();\ncy.wait(1000);\nprojectPage.enterProjectName().type(this.data.TC51.name);\ncy.get(':nth-child(2) > .select').select(this.data.all.Project_Owner);\ncy.get(':nth-child(3) > .select').select(this.data.all.Project_Manager);\ncy.addCollaborator(this.data.TC51.collaboratorlist);\nprojectPage.resetbtn().click();\nprojectPage.deletebtnYes().click();\nprojectPage.collaboratorCount().should('have.text', \"+0\");\nprojectPage.clickProject().click();",
              "err": {},
              "uuid": "6ef36026-b272-4dc5-ba54-a7b4342e2bb2",
              "parentUUID": "9e96476e-8190-4137-a0e1-e0ddbf288a71",
              "isHook": false,
              "skipped": true
            }
          ],
          "suites": [],
          "passes": [],
          "failures": [
            "e347bad8-8b00-4c18-80fe-e373cf6b56a1",
            "00cc0dd7-112b-48fb-a5d4-c1a538ba5380",
            "c32496e1-466f-459e-83e7-a957430fefc9"
          ],
          "pending": [],
          "skipped": [
            "1aa10a25-b81d-41fb-adbc-f2dfded23d23",
            "4bab3398-cffb-4e08-b6c9-7e8eb9b86646",
            "91fd0b09-1768-4d74-950b-4b1cc506b7ac",
            "0d2fa749-f00c-4401-b0bf-b00ec5a17919",
            "81c15945-84a8-4f9b-947f-e0ea09075a81",
            "5979ec94-3ace-4fc9-89ca-15b5d7db4f7f",
            "6ef36026-b272-4dc5-ba54-a7b4342e2bb2"
          ],
          "duration": 253408,
          "root": false,
          "rootEmpty": false,
          "_timeout": 2000
        }
      ],
      "passes": [],
      "failures": [],
      "pending": [],
      "skipped": [],
      "duration": 0,
      "root": true,
      "rootEmpty": true,
      "_timeout": 2000
    }
  ],
  "meta": {
    "mocha": {
      "version": "7.0.1"
    },
    "mochawesome": {
      "options": {
        "quiet": false,
        "reportFilename": "mochawesome",
        "saveHtml": false,
        "saveJson": true,
        "consoleReporter": "spec",
        "useInlineDiffs": false,
        "code": true
      },
      "version": "7.1.3"
    },
    "marge": {
      "options": {
        "charts": true,
        "reportPageTitle": "ELN Automation Suite",
        "embeddedScreenshots": true,
        "inlineAssets": true,
        "saveAllAttempts": false,
        "overwrite": false,
        "html": false,
        "json": true,
        "reportDir": "cypress\\reports\\html\\.jsons"
      },
      "version": "6.2.0"
    }
  }
}